0 info it worked if it ends with ok
1 verbose cli [ 'C:\\Program Files\\nodejs\\node.exe',
1 verbose cli   'C:\\Program Files\\nodejs\\node_modules\\npm\\bin\\npm-cli.js',
1 verbose cli   'start' ]
2 info using npm@3.10.10
3 info using node@v6.11.3
4 verbose run-script [ 'prestart', 'start', 'poststart' ]
5 info lifecycle Flatkit@1.2.0~prestart: Flatkit@1.2.0
6 silly lifecycle Flatkit@1.2.0~prestart: no script for prestart, continuing
7 info lifecycle Flatkit@1.2.0~start: Flatkit@1.2.0
8 verbose lifecycle Flatkit@1.2.0~start: unsafe-perm in lifecycle true
9 verbose lifecycle Flatkit@1.2.0~start: PATH: C:\Program Files\nodejs\node_modules\npm\bin\node-gyp-bin;D:\www\TuanLe\project-muonline\hosting\node_modules\.bin;C:\Users\TuanLe\bin;C:\Program Files\Git\mingw64\bin;C:\Program Files\Git\usr\local\bin;C:\Program Files\Git\usr\bin;C:\Program Files\Git\usr\bin;C:\Program Files\Git\mingw64\bin;C:\Program Files\Git\usr\bin;C:\Users\TuanLe\bin;C:\Windows\system32;C:\Windows;C:\Windows\System32\Wbem;C:\Windows\System32\WindowsPowerShell\v1.0;C:\Program Files (x86)\Microsoft SQL Server\100\Tools\Binn;C:\Program Files\Microsoft SQL Server\100\Tools\Binn;C:\Program Files\Microsoft SQL Server\100\DTS\Binn;C:\Program Files (x86)\NVIDIA Corporation\PhysX\Common;C:\Program Files (x86)\Microsoft SQL Server\100\Tools\Binn\VSShell\Common7\IDE;C:\Program Files (x86)\Microsoft SQL Server\100\DTS\Binn;C:\xampp\php;C:\ProgramData\ComposerSetup\bin;C:\Program Files\nodejs;C:\Program Files\Git\cmd;C:\Users\TuanLe\AppData\Local\Microsoft\WindowsApps;C:\Users\TuanLe\AppData\Roaming\Composer\vendor\bin;C:\Users\TuanLe\AppData\Roaming\npm;C:\Program Files\Microsoft VS Code\bin;C:\Program Files\Git\usr\bin\vendor_perl;C:\Program Files\Git\usr\bin\core_perl
10 verbose lifecycle Flatkit@1.2.0~start: CWD: D:\www\TuanLe\project-muonline\hosting
11 silly lifecycle Flatkit@1.2.0~start: Args: [ '/d /s /c',
11 silly lifecycle   'node node_modules/http-server/bin/http-server -o' ]
12 silly lifecycle Flatkit@1.2.0~start: Returned: code: 1  signal: null
13 info lifecycle Flatkit@1.2.0~start: Failed to exec start script
14 verbose stack Error: Flatkit@1.2.0 start: `node node_modules/http-server/bin/http-server -o`
14 verbose stack Exit status 1
14 verbose stack     at EventEmitter.<anonymous> (C:\Program Files\nodejs\node_modules\npm\lib\utils\lifecycle.js:255:16)
14 verbose stack     at emitTwo (events.js:106:13)
14 verbose stack     at EventEmitter.emit (events.js:191:7)
14 verbose stack     at ChildProcess.<anonymous> (C:\Program Files\nodejs\node_modules\npm\lib\utils\spawn.js:40:14)
14 verbose stack     at emitTwo (events.js:106:13)
14 verbose stack     at ChildProcess.emit (events.js:191:7)
14 verbose stack     at maybeClose (internal/child_process.js:920:16)
14 verbose stack     at Process.ChildProcess._handle.onexit (internal/child_process.js:230:5)
15 verbose pkgid Flatkit@1.2.0
16 verbose cwd D:\www\TuanLe\project-muonline\hosting
17 error Windows_NT 10.0.15063
18 error argv "C:\\Program Files\\nodejs\\node.exe" "C:\\Program Files\\nodejs\\node_modules\\npm\\bin\\npm-cli.js" "start"
19 error node v6.11.3
20 error npm  v3.10.10
21 error code ELIFECYCLE
22 error Flatkit@1.2.0 start: `node node_modules/http-server/bin/http-server -o`
22 error Exit status 1
23 error Failed at the Flatkit@1.2.0 start script 'node node_modules/http-server/bin/http-server -o'.
23 error Make sure you have the latest version of node.js and npm installed.
23 error If you do, this is most likely a problem with the Flatkit package,
23 error not with npm itself.
23 error Tell the author that this fails on your system:
23 error     node node_modules/http-server/bin/http-server -o
23 error You can get information on how to open an issue for this project with:
23 error     npm bugs Flatkit
23 error Or if that isn't available, you can get their info via:
23 error     npm owner ls Flatkit
23 error There is likely additional logging output above.
24 verbose exit [ 1, true ]
